This is pdfTeX, Version 3.14159265-2.6-1.40.20 (TeX Live 2019/Debian) (preloaded format=latex 2022.1.10)  22 JAN 2022 14:38
entering extended mode
 restricted \write18 enabled.
 %&-line parsing enabled.
**q
(/usr/share/texlive/texmf-dist/tex/latex/tools/q.tex
LaTeX2e <2020-02-02> patch level 2
L3 programming layer <2020-02-14> File ignored
)
! Emergency stop.
<*> q
     
*** (job aborted, no legal \end found)

 
Here is how much of TeX's memory you used:
 17 strings out of 483141
 501 string characters out of 5965177
 231749 words of memory out of 5000000
 15140 multiletter control sequences out of 15000+600000
 532338 words of font info for 24 fonts, out of 8000000 for 9000
 36 hyphenation exceptions out of 8191
 12i,0n,15p,81b,8s stack positions out of 5000i,500n,10000p,200000b,80000s
No pages of output.
