This is pdfTeX, Version 3.14159265-2.6-1.40.20 (TeX Live 2019/Debian) (preloaded format=latex 2022.1.10)  22 JAN 2022 14:40
entering extended mode
 restricted \write18 enabled.
 %&-line parsing enabled.
**\makeatletter\def\plmac@tag{JKUCKPBBYLUCBNESBPNY}\def\plmac@tofile{texput.top
l}\def\plmac@fromfile{texput.frpl}\def\plmac@toflag{texput.tfpl}\def\plmac@from
flag{texput.ffpl}\def\plmac@doneflag{texput.dfpl}\def\plmac@pipe{texput.pipe}\m
akeatother

*q

! LaTeX Error: Missing \begin{document}.

See the LaTeX manual or LaTeX Companion for explanation.
Type  H <return>  for immediate help.
 ...                                              
                                                  
<*> q
     
? ^^[[A^^[[A^^[[Aqq
Type <return> to proceed, S to scroll future error messages,
R to run without stopping, Q to run quietly,
I to insert something, 
1 or ... or 9 to ignore the next 1 to 9 tokens of input,
H for help, X to quit.
? q
OK, entering \batchmode...
Missing character: There is no q in font nullfont!
! Emergency stop.
<*> q
     
*** (job aborted, no legal \end found)

 
Here is how much of TeX's memory you used:
 20 strings out of 483141
 442 string characters out of 5965177
 231749 words of memory out of 5000000
 15147 multiletter control sequences out of 15000+600000
 532338 words of font info for 24 fonts, out of 8000000 for 9000
 36 hyphenation exceptions out of 8191
 11i,0n,15p,276b,14s stack positions out of 5000i,500n,10000p,200000b,80000s
No pages of output.
